c:\users\maksy\desktop\pwr\sem_2\paradygmaty programowania obiektowego\solo\projekt baza pracownikow\projekt baza pracownikow\x64\debug\vc143.pdb
c:\users\maksy\desktop\pwr\sem_2\paradygmaty programowania obiektowego\solo\projekt baza pracownikow\projekt baza pracownikow\x64\debug\vc143.idb
c:\users\maksy\desktop\pwr\sem_2\paradygmaty programowania obiektowego\solo\projekt baza pracownikow\projekt baza pracownikow\x64\debug\technik.obj
c:\users\maksy\desktop\pwr\sem_2\paradygmaty programowania obiektowego\solo\projekt baza pracownikow\projekt baza pracownikow\x64\debug\main.obj
c:\users\maksy\desktop\pwr\sem_2\paradygmaty programowania obiektowego\solo\projekt baza pracownikow\projekt baza pracownikow\x64\debug\kierownik.obj
c:\users\maksy\desktop\pwr\sem_2\paradygmaty programowania obiektowego\solo\projekt baza pracownikow\projekt baza pracownikow\x64\debug\fileoperator.obj
c:\users\maksy\desktop\pwr\sem_2\paradygmaty programowania obiektowego\solo\projekt baza pracownikow\projekt baza pracownikow\x64\debug\czlowiek.obj
c:\users\maksy\desktop\pwr\sem_2\paradygmaty programowania obiektowego\solo\projekt baza pracownikow\x64\debug\projekt baza pracownikow.exe
c:\users\maksy\desktop\pwr\sem_2\paradygmaty programowania obiektowego\solo\projekt baza pracownikow\projekt baza pracownikow\x64\debug\projekt baza pracownikow.ilk
c:\users\maksy\desktop\pwr\sem_2\paradygmaty programowania obiektowego\solo\projekt baza pracownikow\x64\debug\projekt baza pracownikow.pdb
c:\users\maksy\desktop\pwr\sem_2\paradygmaty programowania obiektowego\solo\projekt baza pracownikow\projekt baza pracownikow\x64\debug\fileoperator.obj.enc
c:\users\maksy\desktop\pwr\sem_2\paradygmaty programowania obiektowego\solo\projekt baza pracownikow\projekt baza pracownikow\x64\debug\main.obj.enc
c:\users\maksy\desktop\pwr\sem_2\paradygmaty programowania obiektowego\solo\projekt baza pracownikow\projekt baza pracownikow\x64\debug\technik.obj.enc
c:\users\maksy\desktop\pwr\sem_2\paradygmaty programowania obiektowego\solo\projekt baza pracownikow\projekt baza pracownikow\x64\debug\projekt .a212916c.tlog\cl.command.1.tlog
c:\users\maksy\desktop\pwr\sem_2\paradygmaty programowania obiektowego\solo\projekt baza pracownikow\projekt baza pracownikow\x64\debug\projekt .a212916c.tlog\cl.items.tlog
c:\users\maksy\desktop\pwr\sem_2\paradygmaty programowania obiektowego\solo\projekt baza pracownikow\projekt baza pracownikow\x64\debug\projekt .a212916c.tlog\cl.read.1.tlog
c:\users\maksy\desktop\pwr\sem_2\paradygmaty programowania obiektowego\solo\projekt baza pracownikow\projekt baza pracownikow\x64\debug\projekt .a212916c.tlog\cl.write.1.tlog
c:\users\maksy\desktop\pwr\sem_2\paradygmaty programowania obiektowego\solo\projekt baza pracownikow\projekt baza pracownikow\x64\debug\projekt .a212916c.tlog\link.command.1.tlog
c:\users\maksy\desktop\pwr\sem_2\paradygmaty programowania obiektowego\solo\projekt baza pracownikow\projekt baza pracownikow\x64\debug\projekt .a212916c.tlog\link.read.1.tlog
c:\users\maksy\desktop\pwr\sem_2\paradygmaty programowania obiektowego\solo\projekt baza pracownikow\projekt baza pracownikow\x64\debug\projekt .a212916c.tlog\link.write.1.tlog
